<?xml version="1.0" encoding="utf-8"?><testsuites><testsuite name="pytest" errors="0" failures="0" skipped="0" tests="7" time="19.860" timestamp="2022-04-14T13:06:17.118949" hostname="STSPC83"><testcase classname="tests.unit.test_app" name="test_app" time="0.002" /><testcase classname="tests.unit.test_handlers" name="test_getsongbytype[1-200-expected_resut0]" time="0.178" /><testcase classname="tests.unit.test_handlers" name="test_getsongbytype[0-404-audio file not available]" time="0.007" /><testcase classname="tests.unit.test_handlers" name="test_add_user_data[payload0-Data submitted Successsully]" time="0.006" /><testcase classname="tests.unit.test_handlers" name="test_add_user_data[payload1-Data submitted Successsully]" time="0.004" /><testcase classname="tests.unit.test_handlers" name="test_add_user_data[payload2-Data submitted Successsully]" time="0.003" /><testcase classname="tests.unit.test_handlers" name="test_add_user_data[payload3-Data incorrect]" time="0.008" /></testsuite></testsuites>